[2021-11-17 17:31:28]: Array
(
    [wp_mail_failed] => Array
        (
            [0] => Could not instantiate mail function.
        )

)

[2021-11-23 11:44:09]: Array
(
    [wp_mail_failed] => Array
        (
            [0] => Could not instantiate mail function.
        )

)

[2021-11-23 11:44:13]: Array
(
    [wp_mail_failed] => Array
        (
            [0] => Could not instantiate mail function.
        )

)

[2021-12-02 05:32:33]: Array
(
    [wp_mail_failed] => Array
        (
            [0] => Could not instantiate mail function.
        )

)

[2021-12-13 13:10:35]: Array
(
    [wp_mail_failed] => Array
        (
            [0] => Could not instantiate mail function.
        )

)

[2021-12-13 14:38:16]: Array
(
    [wp_mail_failed] => Array
        (
            [0] => Could not instantiate mail function.
        )

)

